<?xml version="1.0" encoding="UTF-8"?>
<testsuite xmlns:xsi="http://www.w3.org/2001/XMLSchema-instance" xsi:noNamespaceSchemaLocation="https://maven.apache.org/surefire/maven-surefire-plugin/xsd/surefire-test-report.xsd" name="com.fortech.ForTechApplicationTests" time="2.126" tests="1" errors="0" skipped="0" failures="0">
  <properties>
    <property name="java.specification.version" value="17"/>
    <property name="sun.jnu.encoding" value="UTF-8"/>
    <property name="java.class.path" value="/home/sherbel/sherbel/java-projects/forTech/target/test-classes:/home/sherbel/sherbel/java-projects/forTech/target/classes:/home/sherbel/.m2/repository/org/springframework/boot/spring-boot-starter-jersey/3.0.1/spring-boot-starter-jersey-3.0.1.jar:/home/sherbel/.m2/repository/org/springframework/boot/spring-boot-starter-json/3.0.1/spring-boot-starter-json-3.0.1.jar:/home/sherbel/.m2/repository/com/fasterxml/jackson/core/jackson-databind/2.14.1/jackson-databind-2.14.1.jar:/home/sherbel/.m2/repository/com/fasterxml/jackson/core/jackson-core/2.14.1/jackson-core-2.14.1.jar:/home/sherbel/.m2/repository/com/fasterxml/jackson/datatype/jackson-datatype-jdk8/2.14.1/jackson-datatype-jdk8-2.14.1.jar:/home/sherbel/.m2/repository/com/fasterxml/jackson/datatype/jackson-datatype-jsr310/2.14.1/jackson-datatype-jsr310-2.14.1.jar:/home/sherbel/.m2/repository/com/fasterxml/jackson/module/jackson-module-parameter-names/2.14.1/jackson-module-parameter-names-2.14.1.jar:/home/sherbel/.m2/repository/org/springframework/boot/spring-boot-starter-tomcat/3.0.1/spring-boot-starter-tomcat-3.0.1.jar:/home/sherbel/.m2/repository/jakarta/annotation/jakarta.annotation-api/2.1.1/jakarta.annotation-api-2.1.1.jar:/home/sherbel/.m2/repository/org/apache/tomcat/embed/tomcat-embed-core/10.1.4/tomcat-embed-core-10.1.4.jar:/home/sherbel/.m2/repository/org/apache/tomcat/embed/tomcat-embed-el/10.1.4/tomcat-embed-el-10.1.4.jar:/home/sherbel/.m2/repository/org/apache/tomcat/embed/tomcat-embed-websocket/10.1.4/tomcat-embed-websocket-10.1.4.jar:/home/sherbel/.m2/repository/org/springframework/boot/spring-boot-starter-validation/3.0.1/spring-boot-starter-validation-3.0.1.jar:/home/sherbel/.m2/repository/org/hibernate/validator/hibernate-validator/8.0.0.Final/hibernate-validator-8.0.0.Final.jar:/home/sherbel/.m2/repository/org/jboss/logging/jboss-logging/3.5.0.Final/jboss-logging-3.5.0.Final.jar:/home/sherbel/.m2/repository/com/fasterxml/classmate/1.5.1/classmate-1.5.1.jar:/home/sherbel/.m2/repository/org/springframework/spring-web/6.0.3/spring-web-6.0.3.jar:/home/sherbel/.m2/repository/org/springframework/spring-beans/6.0.3/spring-beans-6.0.3.jar:/home/sherbel/.m2/repository/io/micrometer/micrometer-observation/1.10.2/micrometer-observation-1.10.2.jar:/home/sherbel/.m2/repository/io/micrometer/micrometer-commons/1.10.2/micrometer-commons-1.10.2.jar:/home/sherbel/.m2/repository/org/glassfish/jersey/containers/jersey-container-servlet-core/3.1.0/jersey-container-servlet-core-3.1.0.jar:/home/sherbel/.m2/repository/jakarta/inject/jakarta.inject-api/2.0.1/jakarta.inject-api-2.0.1.jar:/home/sherbel/.m2/repository/org/glassfish/jersey/core/jersey-common/3.1.0/jersey-common-3.1.0.jar:/home/sherbel/.m2/repository/org/glassfish/hk2/osgi-resource-locator/1.0.3/osgi-resource-locator-1.0.3.jar:/home/sherbel/.m2/repository/jakarta/ws/rs/jakarta.ws.rs-api/3.1.0/jakarta.ws.rs-api-3.1.0.jar:/home/sherbel/.m2/repository/org/glassfish/jersey/containers/jersey-container-servlet/3.1.0/jersey-container-servlet-3.1.0.jar:/home/sherbel/.m2/repository/org/glassfish/jersey/core/jersey-server/3.1.0/jersey-server-3.1.0.jar:/home/sherbel/.m2/repository/org/glassfish/jersey/core/jersey-client/3.1.0/jersey-client-3.1.0.jar:/home/sherbel/.m2/repository/jakarta/validation/jakarta.validation-api/3.0.2/jakarta.validation-api-3.0.2.jar:/home/sherbel/.m2/repository/org/glassfish/jersey/ext/jersey-bean-validation/3.1.0/jersey-bean-validation-3.1.0.jar:/home/sherbel/.m2/repository/org/glassfish/jersey/ext/jersey-spring6/3.1.0/jersey-spring6-3.1.0.jar:/home/sherbel/.m2/repository/org/glassfish/jersey/inject/jersey-hk2/3.1.0/jersey-hk2-3.1.0.jar:/home/sherbel/.m2/repository/org/glassfish/hk2/hk2-locator/3.0.3/hk2-locator-3.0.3.jar:/home/sherbel/.m2/repository/org/glassfish/hk2/external/aopalliance-repackaged/3.0.3/aopalliance-repackaged-3.0.3.jar:/home/sherbel/.m2/repository/org/javassist/javassist/3.28.0-GA/javassist-3.28.0-GA.jar:/home/sherbel/.m2/repository/org/glassfish/hk2/hk2/3.0.3/hk2-3.0.3.jar:/home/sherbel/.m2/repository/org/glassfish/hk2/hk2-utils/3.0.3/hk2-utils-3.0.3.jar:/home/sherbel/.m2/repository/org/glassfish/hk2/hk2-api/3.0.3/hk2-api-3.0.3.jar:/home/sherbel/.m2/repository/org/glassfish/hk2/hk2-core/3.0.3/hk2-core-3.0.3.jar:/home/sherbel/.m2/repository/org/glassfish/hk2/hk2-runlevel/3.0.3/hk2-runlevel-3.0.3.jar:/home/sherbel/.m2/repository/org/glassfish/hk2/class-model/3.0.3/class-model-3.0.3.jar:/home/sherbel/.m2/repository/org/ow2/asm/asm-analysis/9.2/asm-analysis-9.2.jar:/home/sherbel/.m2/repository/org/ow2/asm/asm-commons/9.2/asm-commons-9.2.jar:/home/sherbel/.m2/repository/org/ow2/asm/asm-tree/9.2/asm-tree-9.2.jar:/home/sherbel/.m2/repository/org/ow2/asm/asm-util/9.2/asm-util-9.2.jar:/home/sherbel/.m2/repository/org/glassfish/hk2/spring-bridge/3.0.3/spring-bridge-3.0.3.jar:/home/sherbel/.m2/repository/org/glassfish/jersey/media/jersey-media-json-jackson/3.1.0/jersey-media-json-jackson-3.1.0.jar:/home/sherbel/.m2/repository/org/glassfish/jersey/ext/jersey-entity-filtering/3.1.0/jersey-entity-filtering-3.1.0.jar:/home/sherbel/.m2/repository/com/fasterxml/jackson/core/jackson-annotations/2.14.1/jackson-annotations-2.14.1.jar:/home/sherbel/.m2/repository/com/fasterxml/jackson/module/jackson-module-jakarta-xmlbind-annotations/2.14.1/jackson-module-jakarta-xmlbind-annotations-2.14.1.jar:/home/sherbel/.m2/repository/org/springframework/boot/spring-boot-starter-web/3.0.1/spring-boot-starter-web-3.0.1.jar:/home/sherbel/.m2/repository/org/springframework/boot/spring-boot-starter/3.0.1/spring-boot-starter-3.0.1.jar:/home/sherbel/.m2/repository/org/springframework/boot/spring-boot-starter-logging/3.0.1/spring-boot-starter-logging-3.0.1.jar:/home/sherbel/.m2/repository/ch/qos/logback/logback-classic/1.4.5/logback-classic-1.4.5.jar:/home/sherbel/.m2/repository/ch/qos/logback/logback-core/1.4.5/logback-core-1.4.5.jar:/home/sherbel/.m2/repository/org/apache/logging/log4j/log4j-to-slf4j/2.19.0/log4j-to-slf4j-2.19.0.jar:/home/sherbel/.m2/repository/org/apache/logging/log4j/log4j-api/2.19.0/log4j-api-2.19.0.jar:/home/sherbel/.m2/repository/org/slf4j/jul-to-slf4j/2.0.6/jul-to-slf4j-2.0.6.jar:/home/sherbel/.m2/repository/org/yaml/snakeyaml/1.33/snakeyaml-1.33.jar:/home/sherbel/.m2/repository/org/springframework/spring-webmvc/6.0.3/spring-webmvc-6.0.3.jar:/home/sherbel/.m2/repository/org/springframework/spring-aop/6.0.3/spring-aop-6.0.3.jar:/home/sherbel/.m2/repository/org/springframework/spring-context/6.0.3/spring-context-6.0.3.jar:/home/sherbel/.m2/repository/org/springframework/spring-expression/6.0.3/spring-expression-6.0.3.jar:/home/sherbel/.m2/repository/org/springframework/boot/spring-boot-starter-web-services/3.0.1/spring-boot-starter-web-services-3.0.1.jar:/home/sherbel/.m2/repository/com/sun/xml/messaging/saaj/saaj-impl/3.0.0/saaj-impl-3.0.0.jar:/home/sherbel/.m2/repository/jakarta/xml/soap/jakarta.xml.soap-api/3.0.0/jakarta.xml.soap-api-3.0.0.jar:/home/sherbel/.m2/repository/org/jvnet/staxex/stax-ex/2.1.0/stax-ex-2.1.0.jar:/home/sherbel/.m2/repository/jakarta/activation/jakarta.activation-api/2.1.0/jakarta.activation-api-2.1.0.jar:/home/sherbel/.m2/repository/org/eclipse/angus/angus-activation/1.0.0/angus-activation-1.0.0.jar:/home/sherbel/.m2/repository/jakarta/xml/ws/jakarta.xml.ws-api/4.0.0/jakarta.xml.ws-api-4.0.0.jar:/home/sherbel/.m2/repository/org/springframework/spring-oxm/6.0.3/spring-oxm-6.0.3.jar:/home/sherbel/.m2/repository/org/springframework/ws/spring-ws-core/4.0.0/spring-ws-core-4.0.0.jar:/home/sherbel/.m2/repository/org/springframework/ws/spring-xml/4.0.0/spring-xml-4.0.0.jar:/home/sherbel/.m2/repository/com/sun/xml/bind/jaxb-impl/4.0.1/jaxb-impl-4.0.1.jar:/home/sherbel/.m2/repository/com/sun/xml/bind/jaxb-core/4.0.1/jaxb-core-4.0.1.jar:/home/sherbel/.m2/repository/org/springframework/boot/spring-boot-starter-webflux/3.0.1/spring-boot-starter-webflux-3.0.1.jar:/home/sherbel/.m2/repository/org/springframework/boot/spring-boot-starter-reactor-netty/3.0.1/spring-boot-starter-reactor-netty-3.0.1.jar:/home/sherbel/.m2/repository/io/projectreactor/netty/reactor-netty-http/1.1.1/reactor-netty-http-1.1.1.jar:/home/sherbel/.m2/repository/io/netty/netty-codec-http/4.1.86.Final/netty-codec-http-4.1.86.Final.jar:/home/sherbel/.m2/repository/io/netty/netty-common/4.1.86.Final/netty-common-4.1.86.Final.jar:/home/sherbel/.m2/repository/io/netty/netty-buffer/4.1.86.Final/netty-buffer-4.1.86.Final.jar:/home/sherbel/.m2/repository/io/netty/netty-transport/4.1.86.Final/netty-transport-4.1.86.Final.jar:/home/sherbel/.m2/repository/io/netty/netty-codec/4.1.86.Final/netty-codec-4.1.86.Final.jar:/home/sherbel/.m2/repository/io/netty/netty-handler/4.1.86.Final/netty-handler-4.1.86.Final.jar:/home/sherbel/.m2/repository/io/netty/netty-codec-http2/4.1.86.Final/netty-codec-http2-4.1.86.Final.jar:/home/sherbel/.m2/repository/io/netty/netty-resolver-dns/4.1.86.Final/netty-resolver-dns-4.1.86.Final.jar:/home/sherbel/.m2/repository/io/netty/netty-resolver/4.1.86.Final/netty-resolver-4.1.86.Final.jar:/home/sherbel/.m2/repository/io/netty/netty-codec-dns/4.1.86.Final/netty-codec-dns-4.1.86.Final.jar:/home/sherbel/.m2/repository/io/netty/netty-resolver-dns-native-macos/4.1.86.Final/netty-resolver-dns-native-macos-4.1.86.Final-osx-x86_64.jar:/home/sherbel/.m2/repository/io/netty/netty-resolver-dns-classes-macos/4.1.86.Final/netty-resolver-dns-classes-macos-4.1.86.Final.jar:/home/sherbel/.m2/repository/io/netty/netty-transport-native-epoll/4.1.86.Final/netty-transport-native-epoll-4.1.86.Final-linux-x86_64.jar:/home/sherbel/.m2/repository/io/netty/netty-transport-native-unix-common/4.1.86.Final/netty-transport-native-unix-common-4.1.86.Final.jar:/home/sherbel/.m2/repository/io/netty/netty-transport-classes-epoll/4.1.86.Final/netty-transport-classes-epoll-4.1.86.Final.jar:/home/sherbel/.m2/repository/io/projectreactor/netty/reactor-netty-core/1.1.1/reactor-netty-core-1.1.1.jar:/home/sherbel/.m2/repository/io/netty/netty-handler-proxy/4.1.86.Final/netty-handler-proxy-4.1.86.Final.jar:/home/sherbel/.m2/repository/io/netty/netty-codec-socks/4.1.86.Final/netty-codec-socks-4.1.86.Final.jar:/home/sherbel/.m2/repository/org/springframework/spring-webflux/6.0.3/spring-webflux-6.0.3.jar:/home/sherbel/.m2/repository/org/springframework/boot/spring-boot-devtools/3.0.1/spring-boot-devtools-3.0.1.jar:/home/sherbel/.m2/repository/org/springframework/boot/spring-boot/3.0.1/spring-boot-3.0.1.jar:/home/sherbel/.m2/repository/org/springframework/boot/spring-boot-autoconfigure/3.0.1/spring-boot-autoconfigure-3.0.1.jar:/home/sherbel/.m2/repository/org/springframework/boot/spring-boot-configuration-processor/3.0.1/spring-boot-configuration-processor-3.0.1.jar:/home/sherbel/.m2/repository/org/projectlombok/lombok/1.18.24/lombok-1.18.24.jar:/home/sherbel/.m2/repository/org/springframework/boot/spring-boot-starter-test/3.0.1/spring-boot-starter-test-3.0.1.jar:/home/sherbel/.m2/repository/org/springframework/boot/spring-boot-test/3.0.1/spring-boot-test-3.0.1.jar:/home/sherbel/.m2/repository/org/springframework/boot/spring-boot-test-autoconfigure/3.0.1/spring-boot-test-autoconfigure-3.0.1.jar:/home/sherbel/.m2/repository/com/jayway/jsonpath/json-path/2.7.0/json-path-2.7.0.jar:/home/sherbel/.m2/repository/net/minidev/json-smart/2.4.8/json-smart-2.4.8.jar:/home/sherbel/.m2/repository/net/minidev/accessors-smart/2.4.8/accessors-smart-2.4.8.jar:/home/sherbel/.m2/repository/org/ow2/asm/asm/9.1/asm-9.1.jar:/home/sherbel/.m2/repository/org/slf4j/slf4j-api/2.0.6/slf4j-api-2.0.6.jar:/home/sherbel/.m2/repository/jakarta/xml/bind/jakarta.xml.bind-api/4.0.0/jakarta.xml.bind-api-4.0.0.jar:/home/sherbel/.m2/repository/org/assertj/assertj-core/3.23.1/assertj-core-3.23.1.jar:/home/sherbel/.m2/repository/net/bytebuddy/byte-buddy/1.12.20/byte-buddy-1.12.20.jar:/home/sherbel/.m2/repository/org/hamcrest/hamcrest/2.2/hamcrest-2.2.jar:/home/sherbel/.m2/repository/org/junit/jupiter/junit-jupiter/5.9.1/junit-jupiter-5.9.1.jar:/home/sherbel/.m2/repository/org/junit/jupiter/junit-jupiter-api/5.9.1/junit-jupiter-api-5.9.1.jar:/home/sherbel/.m2/repository/org/opentest4j/opentest4j/1.2.0/opentest4j-1.2.0.jar:/home/sherbel/.m2/repository/org/junit/platform/junit-platform-commons/1.9.1/junit-platform-commons-1.9.1.jar:/home/sherbel/.m2/repository/org/apiguardian/apiguardian-api/1.1.2/apiguardian-api-1.1.2.jar:/home/sherbel/.m2/repository/org/junit/jupiter/junit-jupiter-params/5.9.1/junit-jupiter-params-5.9.1.jar:/home/sherbel/.m2/repository/org/junit/jupiter/junit-jupiter-engine/5.9.1/junit-jupiter-engine-5.9.1.jar:/home/sherbel/.m2/repository/org/junit/platform/junit-platform-engine/1.9.1/junit-platform-engine-1.9.1.jar:/home/sherbel/.m2/repository/org/mockito/mockito-core/4.8.1/mockito-core-4.8.1.jar:/home/sherbel/.m2/repository/net/bytebuddy/byte-buddy-agent/1.12.20/byte-buddy-agent-1.12.20.jar:/home/sherbel/.m2/repository/org/objenesis/objenesis/3.2/objenesis-3.2.jar:/home/sherbel/.m2/repository/org/mockito/mockito-junit-jupiter/4.8.1/mockito-junit-jupiter-4.8.1.jar:/home/sherbel/.m2/repository/org/skyscreamer/jsonassert/1.5.1/jsonassert-1.5.1.jar:/home/sherbel/.m2/repository/com/vaadin/external/google/android-json/0.0.20131108.vaadin1/android-json-0.0.20131108.vaadin1.jar:/home/sherbel/.m2/repository/org/springframework/spring-core/6.0.3/spring-core-6.0.3.jar:/home/sherbel/.m2/repository/org/springframework/spring-jcl/6.0.3/spring-jcl-6.0.3.jar:/home/sherbel/.m2/repository/org/springframework/spring-test/6.0.3/spring-test-6.0.3.jar:/home/sherbel/.m2/repository/org/xmlunit/xmlunit-core/2.9.0/xmlunit-core-2.9.0.jar:/home/sherbel/.m2/repository/io/projectreactor/reactor-test/3.5.1/reactor-test-3.5.1.jar:/home/sherbel/.m2/repository/io/projectreactor/reactor-core/3.5.1/reactor-core-3.5.1.jar:/home/sherbel/.m2/repository/org/reactivestreams/reactive-streams/1.0.4/reactive-streams-1.0.4.jar:"/>
    <property name="java.vm.vendor" value="Oracle Corporation"/>
    <property name="sun.arch.data.model" value="64"/>
    <property name="java.vendor.url" value="https://java.oracle.com/"/>
    <property name="os.name" value="Linux"/>
    <property name="java.vm.specification.version" value="17"/>
    <property name="sun.java.launcher" value="SUN_STANDARD"/>
    <property name="user.country" value="US"/>
    <property name="sun.boot.library.path" value="/home/sherbel/sherbel/softwares/jdk-17.0.5/lib"/>
    <property name="sun.java.command" value="/home/sherbel/sherbel/java-projects/forTech/target/surefire/surefirebooter1111386826206420616.jar /home/sherbel/sherbel/java-projects/forTech/target/surefire 2023-01-09T13-05-35_600-jvmRun1 surefire4106593983644153070tmp surefire_08956008898428510565tmp"/>
    <property name="jdk.debug" value="release"/>
    <property name="surefire.test.class.path" value="/home/sherbel/sherbel/java-projects/forTech/target/test-classes:/home/sherbel/sherbel/java-projects/forTech/target/classes:/home/sherbel/.m2/repository/org/springframework/boot/spring-boot-starter-jersey/3.0.1/spring-boot-starter-jersey-3.0.1.jar:/home/sherbel/.m2/repository/org/springframework/boot/spring-boot-starter-json/3.0.1/spring-boot-starter-json-3.0.1.jar:/home/sherbel/.m2/repository/com/fasterxml/jackson/core/jackson-databind/2.14.1/jackson-databind-2.14.1.jar:/home/sherbel/.m2/repository/com/fasterxml/jackson/core/jackson-core/2.14.1/jackson-core-2.14.1.jar:/home/sherbel/.m2/repository/com/fasterxml/jackson/datatype/jackson-datatype-jdk8/2.14.1/jackson-datatype-jdk8-2.14.1.jar:/home/sherbel/.m2/repository/com/fasterxml/jackson/datatype/jackson-datatype-jsr310/2.14.1/jackson-datatype-jsr310-2.14.1.jar:/home/sherbel/.m2/repository/com/fasterxml/jackson/module/jackson-module-parameter-names/2.14.1/jackson-module-parameter-names-2.14.1.jar:/home/sherbel/.m2/repository/org/springframework/boot/spring-boot-starter-tomcat/3.0.1/spring-boot-starter-tomcat-3.0.1.jar:/home/sherbel/.m2/repository/jakarta/annotation/jakarta.annotation-api/2.1.1/jakarta.annotation-api-2.1.1.jar:/home/sherbel/.m2/repository/org/apache/tomcat/embed/tomcat-embed-core/10.1.4/tomcat-embed-core-10.1.4.jar:/home/sherbel/.m2/repository/org/apache/tomcat/embed/tomcat-embed-el/10.1.4/tomcat-embed-el-10.1.4.jar:/home/sherbel/.m2/repository/org/apache/tomcat/embed/tomcat-embed-websocket/10.1.4/tomcat-embed-websocket-10.1.4.jar:/home/sherbel/.m2/repository/org/springframework/boot/spring-boot-starter-validation/3.0.1/spring-boot-starter-validation-3.0.1.jar:/home/sherbel/.m2/repository/org/hibernate/validator/hibernate-validator/8.0.0.Final/hibernate-validator-8.0.0.Final.jar:/home/sherbel/.m2/repository/org/jboss/logging/jboss-logging/3.5.0.Final/jboss-logging-3.5.0.Final.jar:/home/sherbel/.m2/repository/com/fasterxml/classmate/1.5.1/classmate-1.5.1.jar:/home/sherbel/.m2/repository/org/springframework/spring-web/6.0.3/spring-web-6.0.3.jar:/home/sherbel/.m2/repository/org/springframework/spring-beans/6.0.3/spring-beans-6.0.3.jar:/home/sherbel/.m2/repository/io/micrometer/micrometer-observation/1.10.2/micrometer-observation-1.10.2.jar:/home/sherbel/.m2/repository/io/micrometer/micrometer-commons/1.10.2/micrometer-commons-1.10.2.jar:/home/sherbel/.m2/repository/org/glassfish/jersey/containers/jersey-container-servlet-core/3.1.0/jersey-container-servlet-core-3.1.0.jar:/home/sherbel/.m2/repository/jakarta/inject/jakarta.inject-api/2.0.1/jakarta.inject-api-2.0.1.jar:/home/sherbel/.m2/repository/org/glassfish/jersey/core/jersey-common/3.1.0/jersey-common-3.1.0.jar:/home/sherbel/.m2/repository/org/glassfish/hk2/osgi-resource-locator/1.0.3/osgi-resource-locator-1.0.3.jar:/home/sherbel/.m2/repository/jakarta/ws/rs/jakarta.ws.rs-api/3.1.0/jakarta.ws.rs-api-3.1.0.jar:/home/sherbel/.m2/repository/org/glassfish/jersey/containers/jersey-container-servlet/3.1.0/jersey-container-servlet-3.1.0.jar:/home/sherbel/.m2/repository/org/glassfish/jersey/core/jersey-server/3.1.0/jersey-server-3.1.0.jar:/home/sherbel/.m2/repository/org/glassfish/jersey/core/jersey-client/3.1.0/jersey-client-3.1.0.jar:/home/sherbel/.m2/repository/jakarta/validation/jakarta.validation-api/3.0.2/jakarta.validation-api-3.0.2.jar:/home/sherbel/.m2/repository/org/glassfish/jersey/ext/jersey-bean-validation/3.1.0/jersey-bean-validation-3.1.0.jar:/home/sherbel/.m2/repository/org/glassfish/jersey/ext/jersey-spring6/3.1.0/jersey-spring6-3.1.0.jar:/home/sherbel/.m2/repository/org/glassfish/jersey/inject/jersey-hk2/3.1.0/jersey-hk2-3.1.0.jar:/home/sherbel/.m2/repository/org/glassfish/hk2/hk2-locator/3.0.3/hk2-locator-3.0.3.jar:/home/sherbel/.m2/repository/org/glassfish/hk2/external/aopalliance-repackaged/3.0.3/aopalliance-repackaged-3.0.3.jar:/home/sherbel/.m2/repository/org/javassist/javassist/3.28.0-GA/javassist-3.28.0-GA.jar:/home/sherbel/.m2/repository/org/glassfish/hk2/hk2/3.0.3/hk2-3.0.3.jar:/home/sherbel/.m2/repository/org/glassfish/hk2/hk2-utils/3.0.3/hk2-utils-3.0.3.jar:/home/sherbel/.m2/repository/org/glassfish/hk2/hk2-api/3.0.3/hk2-api-3.0.3.jar:/home/sherbel/.m2/repository/org/glassfish/hk2/hk2-core/3.0.3/hk2-core-3.0.3.jar:/home/sherbel/.m2/repository/org/glassfish/hk2/hk2-runlevel/3.0.3/hk2-runlevel-3.0.3.jar:/home/sherbel/.m2/repository/org/glassfish/hk2/class-model/3.0.3/class-model-3.0.3.jar:/home/sherbel/.m2/repository/org/ow2/asm/asm-analysis/9.2/asm-analysis-9.2.jar:/home/sherbel/.m2/repository/org/ow2/asm/asm-commons/9.2/asm-commons-9.2.jar:/home/sherbel/.m2/repository/org/ow2/asm/asm-tree/9.2/asm-tree-9.2.jar:/home/sherbel/.m2/repository/org/ow2/asm/asm-util/9.2/asm-util-9.2.jar:/home/sherbel/.m2/repository/org/glassfish/hk2/spring-bridge/3.0.3/spring-bridge-3.0.3.jar:/home/sherbel/.m2/repository/org/glassfish/jersey/media/jersey-media-json-jackson/3.1.0/jersey-media-json-jackson-3.1.0.jar:/home/sherbel/.m2/repository/org/glassfish/jersey/ext/jersey-entity-filtering/3.1.0/jersey-entity-filtering-3.1.0.jar:/home/sherbel/.m2/repository/com/fasterxml/jackson/core/jackson-annotations/2.14.1/jackson-annotations-2.14.1.jar:/home/sherbel/.m2/repository/com/fasterxml/jackson/module/jackson-module-jakarta-xmlbind-annotations/2.14.1/jackson-module-jakarta-xmlbind-annotations-2.14.1.jar:/home/sherbel/.m2/repository/org/springframework/boot/spring-boot-starter-web/3.0.1/spring-boot-starter-web-3.0.1.jar:/home/sherbel/.m2/repository/org/springframework/boot/spring-boot-starter/3.0.1/spring-boot-starter-3.0.1.jar:/home/sherbel/.m2/repository/org/springframework/boot/spring-boot-starter-logging/3.0.1/spring-boot-starter-logging-3.0.1.jar:/home/sherbel/.m2/repository/ch/qos/logback/logback-classic/1.4.5/logback-classic-1.4.5.jar:/home/sherbel/.m2/repository/ch/qos/logback/logback-core/1.4.5/logback-core-1.4.5.jar:/home/sherbel/.m2/repository/org/apache/logging/log4j/log4j-to-slf4j/2.19.0/log4j-to-slf4j-2.19.0.jar:/home/sherbel/.m2/repository/org/apache/logging/log4j/log4j-api/2.19.0/log4j-api-2.19.0.jar:/home/sherbel/.m2/repository/org/slf4j/jul-to-slf4j/2.0.6/jul-to-slf4j-2.0.6.jar:/home/sherbel/.m2/repository/org/yaml/snakeyaml/1.33/snakeyaml-1.33.jar:/home/sherbel/.m2/repository/org/springframework/spring-webmvc/6.0.3/spring-webmvc-6.0.3.jar:/home/sherbel/.m2/repository/org/springframework/spring-aop/6.0.3/spring-aop-6.0.3.jar:/home/sherbel/.m2/repository/org/springframework/spring-context/6.0.3/spring-context-6.0.3.jar:/home/sherbel/.m2/repository/org/springframework/spring-expression/6.0.3/spring-expression-6.0.3.jar:/home/sherbel/.m2/repository/org/springframework/boot/spring-boot-starter-web-services/3.0.1/spring-boot-starter-web-services-3.0.1.jar:/home/sherbel/.m2/repository/com/sun/xml/messaging/saaj/saaj-impl/3.0.0/saaj-impl-3.0.0.jar:/home/sherbel/.m2/repository/jakarta/xml/soap/jakarta.xml.soap-api/3.0.0/jakarta.xml.soap-api-3.0.0.jar:/home/sherbel/.m2/repository/org/jvnet/staxex/stax-ex/2.1.0/stax-ex-2.1.0.jar:/home/sherbel/.m2/repository/jakarta/activation/jakarta.activation-api/2.1.0/jakarta.activation-api-2.1.0.jar:/home/sherbel/.m2/repository/org/eclipse/angus/angus-activation/1.0.0/angus-activation-1.0.0.jar:/home/sherbel/.m2/repository/jakarta/xml/ws/jakarta.xml.ws-api/4.0.0/jakarta.xml.ws-api-4.0.0.jar:/home/sherbel/.m2/repository/org/springframework/spring-oxm/6.0.3/spring-oxm-6.0.3.jar:/home/sherbel/.m2/repository/org/springframework/ws/spring-ws-core/4.0.0/spring-ws-core-4.0.0.jar:/home/sherbel/.m2/repository/org/springframework/ws/spring-xml/4.0.0/spring-xml-4.0.0.jar:/home/sherbel/.m2/repository/com/sun/xml/bind/jaxb-impl/4.0.1/jaxb-impl-4.0.1.jar:/home/sherbel/.m2/repository/com/sun/xml/bind/jaxb-core/4.0.1/jaxb-core-4.0.1.jar:/home/sherbel/.m2/repository/org/springframework/boot/spring-boot-starter-webflux/3.0.1/spring-boot-starter-webflux-3.0.1.jar:/home/sherbel/.m2/repository/org/springframework/boot/spring-boot-starter-reactor-netty/3.0.1/spring-boot-starter-reactor-netty-3.0.1.jar:/home/sherbel/.m2/repository/io/projectreactor/netty/reactor-netty-http/1.1.1/reactor-netty-http-1.1.1.jar:/home/sherbel/.m2/repository/io/netty/netty-codec-http/4.1.86.Final/netty-codec-http-4.1.86.Final.jar:/home/sherbel/.m2/repository/io/netty/netty-common/4.1.86.Final/netty-common-4.1.86.Final.jar:/home/sherbel/.m2/repository/io/netty/netty-buffer/4.1.86.Final/netty-buffer-4.1.86.Final.jar:/home/sherbel/.m2/repository/io/netty/netty-transport/4.1.86.Final/netty-transport-4.1.86.Final.jar:/home/sherbel/.m2/repository/io/netty/netty-codec/4.1.86.Final/netty-codec-4.1.86.Final.jar:/home/sherbel/.m2/repository/io/netty/netty-handler/4.1.86.Final/netty-handler-4.1.86.Final.jar:/home/sherbel/.m2/repository/io/netty/netty-codec-http2/4.1.86.Final/netty-codec-http2-4.1.86.Final.jar:/home/sherbel/.m2/repository/io/netty/netty-resolver-dns/4.1.86.Final/netty-resolver-dns-4.1.86.Final.jar:/home/sherbel/.m2/repository/io/netty/netty-resolver/4.1.86.Final/netty-resolver-4.1.86.Final.jar:/home/sherbel/.m2/repository/io/netty/netty-codec-dns/4.1.86.Final/netty-codec-dns-4.1.86.Final.jar:/home/sherbel/.m2/repository/io/netty/netty-resolver-dns-native-macos/4.1.86.Final/netty-resolver-dns-native-macos-4.1.86.Final-osx-x86_64.jar:/home/sherbel/.m2/repository/io/netty/netty-resolver-dns-classes-macos/4.1.86.Final/netty-resolver-dns-classes-macos-4.1.86.Final.jar:/home/sherbel/.m2/repository/io/netty/netty-transport-native-epoll/4.1.86.Final/netty-transport-native-epoll-4.1.86.Final-linux-x86_64.jar:/home/sherbel/.m2/repository/io/netty/netty-transport-native-unix-common/4.1.86.Final/netty-transport-native-unix-common-4.1.86.Final.jar:/home/sherbel/.m2/repository/io/netty/netty-transport-classes-epoll/4.1.86.Final/netty-transport-classes-epoll-4.1.86.Final.jar:/home/sherbel/.m2/repository/io/projectreactor/netty/reactor-netty-core/1.1.1/reactor-netty-core-1.1.1.jar:/home/sherbel/.m2/repository/io/netty/netty-handler-proxy/4.1.86.Final/netty-handler-proxy-4.1.86.Final.jar:/home/sherbel/.m2/repository/io/netty/netty-codec-socks/4.1.86.Final/netty-codec-socks-4.1.86.Final.jar:/home/sherbel/.m2/repository/org/springframework/spring-webflux/6.0.3/spring-webflux-6.0.3.jar:/home/sherbel/.m2/repository/org/springframework/boot/spring-boot-devtools/3.0.1/spring-boot-devtools-3.0.1.jar:/home/sherbel/.m2/repository/org/springframework/boot/spring-boot/3.0.1/spring-boot-3.0.1.jar:/home/sherbel/.m2/repository/org/springframework/boot/spring-boot-autoconfigure/3.0.1/spring-boot-autoconfigure-3.0.1.jar:/home/sherbel/.m2/repository/org/springframework/boot/spring-boot-configuration-processor/3.0.1/spring-boot-configuration-processor-3.0.1.jar:/home/sherbel/.m2/repository/org/projectlombok/lombok/1.18.24/lombok-1.18.24.jar:/home/sherbel/.m2/repository/org/springframework/boot/spring-boot-starter-test/3.0.1/spring-boot-starter-test-3.0.1.jar:/home/sherbel/.m2/repository/org/springframework/boot/spring-boot-test/3.0.1/spring-boot-test-3.0.1.jar:/home/sherbel/.m2/repository/org/springframework/boot/spring-boot-test-autoconfigure/3.0.1/spring-boot-test-autoconfigure-3.0.1.jar:/home/sherbel/.m2/repository/com/jayway/jsonpath/json-path/2.7.0/json-path-2.7.0.jar:/home/sherbel/.m2/repository/net/minidev/json-smart/2.4.8/json-smart-2.4.8.jar:/home/sherbel/.m2/repository/net/minidev/accessors-smart/2.4.8/accessors-smart-2.4.8.jar:/home/sherbel/.m2/repository/org/ow2/asm/asm/9.1/asm-9.1.jar:/home/sherbel/.m2/repository/org/slf4j/slf4j-api/2.0.6/slf4j-api-2.0.6.jar:/home/sherbel/.m2/repository/jakarta/xml/bind/jakarta.xml.bind-api/4.0.0/jakarta.xml.bind-api-4.0.0.jar:/home/sherbel/.m2/repository/org/assertj/assertj-core/3.23.1/assertj-core-3.23.1.jar:/home/sherbel/.m2/repository/net/bytebuddy/byte-buddy/1.12.20/byte-buddy-1.12.20.jar:/home/sherbel/.m2/repository/org/hamcrest/hamcrest/2.2/hamcrest-2.2.jar:/home/sherbel/.m2/repository/org/junit/jupiter/junit-jupiter/5.9.1/junit-jupiter-5.9.1.jar:/home/sherbel/.m2/repository/org/junit/jupiter/junit-jupiter-api/5.9.1/junit-jupiter-api-5.9.1.jar:/home/sherbel/.m2/repository/org/opentest4j/opentest4j/1.2.0/opentest4j-1.2.0.jar:/home/sherbel/.m2/repository/org/junit/platform/junit-platform-commons/1.9.1/junit-platform-commons-1.9.1.jar:/home/sherbel/.m2/repository/org/apiguardian/apiguardian-api/1.1.2/apiguardian-api-1.1.2.jar:/home/sherbel/.m2/repository/org/junit/jupiter/junit-jupiter-params/5.9.1/junit-jupiter-params-5.9.1.jar:/home/sherbel/.m2/repository/org/junit/jupiter/junit-jupiter-engine/5.9.1/junit-jupiter-engine-5.9.1.jar:/home/sherbel/.m2/repository/org/junit/platform/junit-platform-engine/1.9.1/junit-platform-engine-1.9.1.jar:/home/sherbel/.m2/repository/org/mockito/mockito-core/4.8.1/mockito-core-4.8.1.jar:/home/sherbel/.m2/repository/net/bytebuddy/byte-buddy-agent/1.12.20/byte-buddy-agent-1.12.20.jar:/home/sherbel/.m2/repository/org/objenesis/objenesis/3.2/objenesis-3.2.jar:/home/sherbel/.m2/repository/org/mockito/mockito-junit-jupiter/4.8.1/mockito-junit-jupiter-4.8.1.jar:/home/sherbel/.m2/repository/org/skyscreamer/jsonassert/1.5.1/jsonassert-1.5.1.jar:/home/sherbel/.m2/repository/com/vaadin/external/google/android-json/0.0.20131108.vaadin1/android-json-0.0.20131108.vaadin1.jar:/home/sherbel/.m2/repository/org/springframework/spring-core/6.0.3/spring-core-6.0.3.jar:/home/sherbel/.m2/repository/org/springframework/spring-jcl/6.0.3/spring-jcl-6.0.3.jar:/home/sherbel/.m2/repository/org/springframework/spring-test/6.0.3/spring-test-6.0.3.jar:/home/sherbel/.m2/repository/org/xmlunit/xmlunit-core/2.9.0/xmlunit-core-2.9.0.jar:/home/sherbel/.m2/repository/io/projectreactor/reactor-test/3.5.1/reactor-test-3.5.1.jar:/home/sherbel/.m2/repository/io/projectreactor/reactor-core/3.5.1/reactor-core-3.5.1.jar:/home/sherbel/.m2/repository/org/reactivestreams/reactive-streams/1.0.4/reactive-streams-1.0.4.jar:"/>
    <property name="sun.cpu.endian" value="little"/>
    <property name="user.home" value="/home/sherbel"/>
    <property name="user.language" value="en"/>
    <property name="java.specification.vendor" value="Oracle Corporation"/>
    <property name="java.version.date" value="2022-10-18"/>
    <property name="java.home" value="/home/sherbel/sherbel/softwares/jdk-17.0.5"/>
    <property name="file.separator" value="/"/>
    <property name="basedir" value="/home/sherbel/sherbel/java-projects/forTech"/>
    <property name="java.vm.compressedOopsMode" value="Zero based"/>
    <property name="line.separator" value="&#10;"/>
    <property name="java.vm.specification.vendor" value="Oracle Corporation"/>
    <property name="java.specification.name" value="Java Platform API Specification"/>
    <property name="surefire.real.class.path" value="/home/sherbel/sherbel/java-projects/forTech/target/surefire/surefirebooter1111386826206420616.jar"/>
    <property name="junit.platform.listeners.uid.tracking.enabled" value="true"/>
    <property name="sun.management.compiler" value="HotSpot 64-Bit Tiered Compilers"/>
    <property name="junit.platform.listeners.uid.tracking.output.dir" value="/home/sherbel/sherbel/java-projects/forTech/target/test-ids"/>
    <property name="java.runtime.version" value="17.0.5+9-LTS-191"/>
    <property name="user.name" value="sherbel"/>
    <property name="path.separator" value=":"/>
    <property name="os.version" value="5.15.0-56-generic"/>
    <property name="java.runtime.name" value="Java(TM) SE Runtime Environment"/>
    <property name="file.encoding" value="UTF-8"/>
    <property name="java.vm.name" value="Java HotSpot(TM) 64-Bit Server VM"/>
    <property name="localRepository" value="/home/sherbel/.m2/repository"/>
    <property name="java.vendor.url.bug" value="https://bugreport.java.com/bugreport/"/>
    <property name="java.io.tmpdir" value="/tmp"/>
    <property name="java.version" value="17.0.5"/>
    <property name="user.dir" value="/home/sherbel/sherbel/java-projects/forTech"/>
    <property name="os.arch" value="amd64"/>
    <property name="java.vm.specification.name" value="Java Virtual Machine Specification"/>
    <property name="native.encoding" value="UTF-8"/>
    <property name="java.library.path" value="/usr/java/packages/lib:/usr/lib64:/lib64:/lib:/usr/lib"/>
    <property name="java.vm.info" value="mixed mode, sharing"/>
    <property name="java.vendor" value="Oracle Corporation"/>
    <property name="java.vm.version" value="17.0.5+9-LTS-191"/>
    <property name="sun.io.unicode.encoding" value="UnicodeLittle"/>
    <property name="java.class.version" value="61.0"/>
  </properties>
  <testcase name="contextLoads" classname="com.fortech.ForTechApplicationTests" time="0.327"/>
</testsuite>